# JRE version: Java(TM) SE Runtime Environment (8.0_333-b02) (build 1.8.0_333-b02)
# Java VM: Java HotSpot(TM) 64-Bit Server VM (25.333-b02 mixed mode linux-amd64 compressed oops)
Heap:
 PSYoungGen      total 68608K, used 55045K [0x00000000d6b80000, 0x00000000df180000, 0x0000000100000000)
  eden space 63488K, 78% used [0x00000000d6b80000,0x00000000d9c42108,0x00000000da980000)
  from space 5120K, 99% used [0x00000000da980000,0x00000000dae7f6e8,0x00000000dae80000)
  to   space 5120K, 0% used [0x00000000dec80000,0x00000000dec80000,0x00000000df180000)
 ParOldGen       total 84992K, used 3816K [0x0000000084200000, 0x0000000089500000, 0x00000000d6b80000)
  object space 84992K, 4% used [0x0000000084200000,0x00000000845ba1c8,0x0000000089500000)
 Metaspace       used 19389K, capacity 19550K, committed 19712K, reserved 1067008K
  class space    used 2201K, capacity 2275K, committed 2304K, reserved 1048576K
GC Heap History (6 events):
Event: 0.288 GC heap before
{Heap before GC invocations=1 (full 0):
 PSYoungGen      total 36864K, used 31744K [0x00000000d6b80000, 0x00000000d9480000, 0x0000000100000000)
  eden space 31744K, 100% used [0x00000000d6b80000,0x00000000d8a80000,0x00000000d8a80000)
  from space 5120K, 0% used [0x00000000d8f80000,0x00000000d8f80000,0x00000000d9480000)
  to   space 5120K, 0% used [0x00000000d8a80000,0x00000000d8a80000,0x00000000d8f80000)
 ParOldGen       total 84992K, used 0K [0x0000000084200000, 0x0000000089500000, 0x00000000d6b80000)
  object space 84992K, 0% used [0x0000000084200000,0x0000000084200000,0x0000000089500000)
 Metaspace       used 8334K, capacity 8510K, committed 8832K, reserved 1056768K
  class space    used 951K, capacity 1027K, committed 1152K, reserved 1048576K
Event: 0.292 GC heap after
Heap after GC invocations=1 (full 0):
 PSYoungGen      total 36864K, used 5009K [0x00000000d6b80000, 0x00000000db380000, 0x0000000100000000)
  eden space 31744K, 0% used [0x00000000d6b80000,0x00000000d6b80000,0x00000000d8a80000)
  from space 5120K, 97% used [0x00000000d8a80000,0x00000000d8f647f8,0x00000000d8f80000)
  to   space 5120K, 0% used [0x00000000dae80000,0x00000000dae80000,0x00000000db380000)
 ParOldGen       total 84992K, used 16K [0x0000000084200000, 0x0000000089500000, 0x00000000d6b80000)
  object space 84992K, 0% used [0x0000000084200000,0x0000000084204000,0x0000000089500000)
 Metaspace       used 8334K, capacity 8510K, committed 8832K, reserved 1056768K
  class space    used 951K, capacity 1027K, committed 1152K, reserved 1048576K
}
Event: 0.426 GC heap before
{Heap before GC invocations=2 (full 0):
 PSYoungGen      total 36864K, used 36753K [0x00000000d6b80000, 0x00000000db380000, 0x0000000100000000)
  eden space 31744K, 100% used [0x00000000d6b80000,0x00000000d8a80000,0x00000000d8a80000)
  from space 5120K, 97% used [0x00000000d8a80000,0x00000000d8f647f8,0x00000000d8f80000)
  to   space 5120K, 0% used [0x00000000dae80000,0x00000000dae80000,0x00000000db380000)
 ParOldGen       total 84992K, used 16K [0x0000000084200000, 0x0000000089500000, 0x00000000d6b80000)
  object space 84992K, 0% used [0x0000000084200000,0x0000000084204000,0x0000000089500000)
 Metaspace       used 13080K, capacity 13278K, committed 13440K, reserved 1060864K
  class space    used 1479K, capacity 1571K, committed 1664K, reserved 1048576K
Event: 0.430 GC heap after
Heap after GC invocations=2 (full 0):
 PSYoungGen      total 68608K, used 5105K [0x00000000d6b80000, 0x00000000db380000, 0x0000000100000000)
  eden space 63488K, 0% used [0x00000000d6b80000,0x00000000d6b80000,0x00000000da980000)
  from space 5120K, 99% used [0x00000000dae80000,0x00000000db37c798,0x00000000db380000)
  to   space 5120K, 0% used [0x00000000da980000,0x00000000da980000,0x00000000dae80000)
 ParOldGen       total 84992K, used 1775K [0x0000000084200000, 0x0000000089500000, 0x00000000d6b80000)
  object space 84992K, 2% used [0x0000000084200000,0x00000000843bbed8,0x0000000089500000)
 Metaspace       used 13080K, capacity 13278K, committed 13440K, reserved 1060864K
  class space    used 1479K, capacity 1571K, committed 1664K, reserved 1048576K
}
Event: 0.517 GC heap before
{Heap before GC invocations=3 (full 0):
 PSYoungGen      total 68608K, used 68593K [0x00000000d6b80000, 0x00000000db380000, 0x0000000100000000)
  eden space 63488K, 100% used [0x00000000d6b80000,0x00000000da980000,0x00000000da980000)
  from space 5120K, 99% used [0x00000000dae80000,0x00000000db37c798,0x00000000db380000)
  to   space 5120K, 0% used [0x00000000da980000,0x00000000da980000,0x00000000dae80000)
 ParOldGen       total 84992K, used 1775K [0x0000000084200000, 0x0000000089500000, 0x00000000d6b80000)
  object space 84992K, 2% used [0x0000000084200000,0x00000000843bbed8,0x0000000089500000)
 Metaspace       used 16852K, capacity 17118K, committed 17408K, reserved 1064960K
  class space    used 1860K, capacity 1955K, committed 2048K, reserved 1048576K
Event: 0.521 GC heap after
Heap after GC invocations=3 (full 0):
 PSYoungGen      total 68608K, used 5117K [0x00000000d6b80000, 0x00000000df180000, 0x0000000100000000)
  eden space 63488K, 0% used [0x00000000d6b80000,0x00000000d6b80000,0x00000000da980000)
  from space 5120K, 99% used [0x00000000da980000,0x00000000dae7f6e8,0x00000000dae80000)
  to   space 5120K, 0% used [0x00000000dec80000,0x00000000dec80000,0x00000000df180000)
 ParOldGen       total 84992K, used 3816K [0x0000000084200000, 0x0000000089500000, 0x00000000d6b80000)
  object space 84992K, 4% used [0x0000000084200000,0x00000000845ba1c8,0x0000000089500000)
 Metaspace       used 16852K, capacity 17118K, committed 17408K, reserved 1064960K
  class space    used 1860K, capacity 1955K, committed 2048K, reserved 1048576K
}

